[debug] [2023-04-06T23:55:06.334Z] ----------------------------------------------------------------------
[debug] [2023-04-06T23:55:06.336Z] Command:       /usr/local/bin/node /usr/local/bin/firebase init
[debug] [2023-04-06T23:55:06.336Z] CLI Version:   11.24.0
[debug] [2023-04-06T23:55:06.336Z] Platform:      darwin
[debug] [2023-04-06T23:55:06.336Z] Node Version:  v18.14.0
[debug] [2023-04-06T23:55:06.338Z] Time:          Fri Apr 07 2023 01:55:06 GMT+0200 (Central European Summer Time)
[debug] [2023-04-06T23:55:06.338Z] ----------------------------------------------------------------------
[debug] 
[debug] [2023-04-06T23:55:06.341Z] >>> [apiv2][query] GET https://firebase-public.firebaseio.com/cli.json [none]
[debug] [2023-04-06T23:55:06.391Z] > command requires scopes: ["email","openid","https://www.googleapis.com/auth/cloudplatformprojects.readonly","https://www.googleapis.com/auth/firebase","https://www.googleapis.com/auth/cloud-platform"]
[debug] [2023-04-06T23:55:06.392Z] > authorizing via signed-in user (albasheermohammed0@gmail.com)
[info] 
     ######## #### ########  ######## ########     ###     ######  ########
     ##        ##  ##     ## ##       ##     ##  ##   ##  ##       ##
     ######    ##  ########  ######   ########  #########  ######  ######
     ##        ##  ##    ##  ##       ##     ## ##     ##       ## ##
     ##       #### ##     ## ######## ########  ##     ##  ######  ########

You're about to initialize a Firebase project in this directory:

  /Users/albasheer/development/code ch/adCampVis/webapp/ads-dashboard

[debug] [2023-04-06T23:55:06.802Z] <<< [apiv2][status] GET https://firebase-public.firebaseio.com/cli.json 200
[debug] [2023-04-06T23:55:06.802Z] <<< [apiv2][body] GET https://firebase-public.firebaseio.com/cli.json {"cloudBuildErrorAfter":1594252800000,"cloudBuildWarnAfter":1590019200000,"defaultNode10After":1594252800000,"minVersion":"3.0.5","node8DeploysDisabledAfter":1613390400000,"node8RuntimeDisabledAfter":1615809600000,"node8WarnAfter":1600128000000}
